<?xml version="1.0" encoding="UTF-8"?>
<testsuites>
  <testsuite name="My Login application" timestamp="2022-12-13T14:13:07" time="4.062" tests="1" failures="0" errors="0" skipped="0">
    <properties>
      <property name="specId" value="0"/>
      <property name="suiteName" value="My Login application"/>
      <property name="capabilities" value="chrome.108_0_5359_99.windows"/>
      <property name="file" value="file:///D:/NewWdio/test/specs/example.e2e.js"/>
    </properties>
    <testcase classname="chrome.108_0_5359_99.windows.My_Login_application" name="should login with valid credentials" time="4.062">
      <system-out><![CDATA[
COMMAND: POST /session/a032a50d65d459722d4b982ef2f18afd/url - {"url":"https://the-internet.herokuapp.com/login"}
RESULT: {"url":"https://the-internet.herokuapp.com/login"}
COMMAND: POST /session/a032a50d65d459722d4b982ef2f18afd/element - {"using":"css selector","value":"#username"}
RESULT: {"using":"css selector","value":"#username"}
COMMAND: POST /session/a032a50d65d459722d4b982ef2f18afd/element/1ec6564a-ce39-4501-a26a-9d3b194f45b3/clear - {}
RESULT: {}
COMMAND: POST /session/a032a50d65d459722d4b982ef2f18afd/element/1ec6564a-ce39-4501-a26a-9d3b194f45b3/value - {"text":"tomsmith"}
RESULT: {"text":"tomsmith"}
COMMAND: POST /session/a032a50d65d459722d4b982ef2f18afd/element - {"using":"css selector","value":"#password"}
RESULT: {"using":"css selector","value":"#password"}
COMMAND: POST /session/a032a50d65d459722d4b982ef2f18afd/element/c13e3084-4588-4193-9639-3b6acbc30434/clear - {}
RESULT: {}
COMMAND: POST /session/a032a50d65d459722d4b982ef2f18afd/element/c13e3084-4588-4193-9639-3b6acbc30434/value - {"text":"SuperSecretPassword!"}
RESULT: {"text":"SuperSecretPassword!"}
COMMAND: POST /session/a032a50d65d459722d4b982ef2f18afd/element - {"using":"css selector","value":"button[type=\"submit\"]"}
RESULT: {"using":"css selector","value":"button[type=\"submit\"]"}
COMMAND: POST /session/a032a50d65d459722d4b982ef2f18afd/element/8f7fc429-8acd-435f-ace1-dd3c605caa1b/click - {}
RESULT: {}
COMMAND: POST /session/a032a50d65d459722d4b982ef2f18afd/element - {"using":"css selector","value":"#flash"}
RESULT: {"using":"css selector","value":"#flash"}
COMMAND: POST /session/a032a50d65d459722d4b982ef2f18afd/elements - {"using":"css selector","value":"#flash"}
RESULT: {"using":"css selector","value":"#flash"}
COMMAND: POST /session/a032a50d65d459722d4b982ef2f18afd/element - {"using":"css selector","value":"#flash"}
RESULT: {"using":"css selector","value":"#flash"}
COMMAND: GET /session/a032a50d65d459722d4b982ef2f18afd/element/4ecc2a3f-ac70-4f68-bf05-88e7d7398235/text - {}
RESULT: {}
COMMAND: DELETE /session/a032a50d65d459722d4b982ef2f18afd - {}
RESULT: {}
]]></system-out>
    </testcase>
  </testsuite>
</testsuites>